
> web@0.1.0 build /Users/bazum/Test-projects/Dhwrwm-basumatary/apps/web
> next build

▲ Next.js 16.2.10 (Turbopack)
- Environments: .env.local

  Creating an optimized production build ...
✓ Compiled successfully in 4.4s
  Running TypeScript ...
⚠ Minimum recommended TypeScript version is v5.1.0, older versions can potentially be incompatible with Next.js. Detected: 5.0.2
Failed to type check.

./src/app/restaurant/[slug]/page.tsx:59:12
Type error: 'RestaurantReviews' cannot be used as a JSX component.
  Its return type 'Promise<Element>' is not a valid JSX element.
    Type 'Promise<Element>' is missing the following properties from type 'ReactElement<any, any>': type, props, key

  [90m57 |[0m       <div className=[32m"mx-auto max-w-6xl mt-8"[0m>
  [90m58 |[0m         <[33mSuspense[0m fallback={<[33mRestaurantReviewsSkeleton[0m />}>
[31m[1m>[0m [90m59 |[0m           <[33mRestaurantReviews[0m slug={slug} />
  [90m   |[0m            [31m[1m^[0m
  [90m60 |[0m         </[33mSuspense[0m>
  [90m61 |[0m       </div>
  [90m62 |[0m     </div>
Next.js build worker exited with code: 1 and signal: null
 ELIFECYCLE  Command failed with exit code 1.
